<?xml version="1.0" encoding="UTF-8"?>
<!-- Generated by org.testng.reporters.JUnitXMLReporter -->
<testsuite hostname="SAI-PC" ignored="0" name="Default test" tests="3" failures="0" timestamp="22 Apr 2019 10:49:08 GMT" time="66.869" errors="0">
  <testcase name="loginPageTitleTest" time="0.027" classname="com.applicationname.qa.testcases.LoginPageTest"/>
  <testcase name="crmLogoImageTest" time="0.492" classname="com.applicationname.qa.testcases.LoginPageTest"/>
  <testcase name="loginTest" time="13.398" classname="com.applicationname.qa.testcases.LoginPageTest"/>
</testsuite> <!-- Default test -->
