<?xml version="1.0" encoding="UTF-8"?>
<testng-results skipped="0" failed="0" ignored="0" total="3" passed="3">
  <reporter-output>
  </reporter-output>
  <suite name="Default suite" duration-ms="66869" started-at="2019-04-22T10:48:01Z" finished-at="2019-04-22T10:49:08Z">
    <groups>
    </groups>
    <test name="Default test" duration-ms="66869" started-at="2019-04-22T10:48:01Z" finished-at="2019-04-22T10:49:08Z">
      <class name="com.applicationname.qa.testcases.LoginPageTest">
        <test-method status="PASS" signature="setUP()[pri:0, instance:com.applicationname.qa.testcases.LoginPageTest@ae45eb6]" name="setUP" is-config="true" duration-ms="23750" started-at="2019-04-22T16:18:01Z" finished-at="2019-04-22T16:18:24Z">
          <reporter-output>
          </reporter-output>
        </test-method> <!-- setUP -->
        <test-method status="PASS" signature="loginPageTitleTest()[pri:1, instance:com.applicationname.qa.testcases.LoginPageTest@ae45eb6]" name="loginPageTitleTest" duration-ms="27" started-at="2019-04-22T16:18:24Z" finished-at="2019-04-22T16:18:25Z">
          <reporter-output>
          </reporter-output>
        </test-method> <!-- loginPageTitleTest -->
        <test-method status="PASS" signature="tearDown()[pri:0, instance:com.applicationname.qa.testcases.LoginPageTest@ae45eb6]" name="tearDown" is-config="true" duration-ms="706" started-at="2019-04-22T16:18:25Z" finished-at="2019-04-22T16:18:25Z">
          <reporter-output>
          </reporter-output>
        </test-method> <!-- tearDown -->
        <test-method status="PASS" signature="setUP()[pri:0, instance:com.applicationname.qa.testcases.LoginPageTest@ae45eb6]" name="setUP" is-config="true" duration-ms="11723" started-at="2019-04-22T16:18:25Z" finished-at="2019-04-22T16:18:37Z">
          <reporter-output>
          </reporter-output>
        </test-method> <!-- setUP -->
        <test-method status="PASS" signature="crmLogoImageTest()[pri:2, instance:com.applicationname.qa.testcases.LoginPageTest@ae45eb6]" name="crmLogoImageTest" duration-ms="492" started-at="2019-04-22T16:18:37Z" finished-at="2019-04-22T16:18:37Z">
          <reporter-output>
          </reporter-output>
        </test-method> <!-- crmLogoImageTest -->
        <test-method status="PASS" signature="tearDown()[pri:0, instance:com.applicationname.qa.testcases.LoginPageTest@ae45eb6]" name="tearDown" is-config="true" duration-ms="750" started-at="2019-04-22T16:18:37Z" finished-at="2019-04-22T16:18:38Z">
          <reporter-output>
          </reporter-output>
        </test-method> <!-- tearDown -->
        <test-method status="PASS" signature="setUP()[pri:0, instance:com.applicationname.qa.testcases.LoginPageTest@ae45eb6]" name="setUP" is-config="true" duration-ms="15307" started-at="2019-04-22T16:18:38Z" finished-at="2019-04-22T16:18:54Z">
          <reporter-output>
          </reporter-output>
        </test-method> <!-- setUP -->
        <test-method status="PASS" signature="loginTest()[pri:3, instance:com.applicationname.qa.testcases.LoginPageTest@ae45eb6]" name="loginTest" duration-ms="13398" started-at="2019-04-22T16:18:54Z" finished-at="2019-04-22T16:19:07Z">
          <reporter-output>
          </reporter-output>
        </test-method> <!-- loginTest -->
        <test-method status="PASS" signature="tearDown()[pri:0, instance:com.applicationname.qa.testcases.LoginPageTest@ae45eb6]" name="tearDown" is-config="true" duration-ms="664" started-at="2019-04-22T16:19:07Z" finished-at="2019-04-22T16:19:08Z">
          <reporter-output>
          </reporter-output>
        </test-method> <!-- tearDown -->
      </class> <!-- com.applicationname.qa.testcases.LoginPageTest -->
    </test> <!-- Default test -->
  </suite> <!-- Default suite -->
</testng-results>
